
> react-vite-tailwind@0.0.0 dev
> vite --host 127.0.0.1 --port 4174


  [32m[1mVITE[22m v7.2.4[39m  [2mready in [0m[1m966[22m[2m[0m ms[22m

  [32m➜[39m  [1mLocal[22m:   [36mhttp://127.0.0.1:[1m4174[22m/[39m
[2m13:05:18[22m [36m[1m[vite][22m[39m [90m[2m(client)[22m[39m [32mhmr update [39m[2m/src/App.tsx, /src/index.css[22m
[2m13:05:18[22m [36m[1m[vite][22m[39m [90m[2m(client)[22m[39m [32mhmr update [39m[2m/src/App.tsx, /src/index.css[22m
[2m13:05:18[22m [36m[1m[vite][22m[39m [90m[2m(client)[22m[39m [32mhmr update [39m[2m/src/components/DashboardView.tsx, /src/index.css[22m
[2m13:05:18[22m [36m[1m[vite][22m[39m [90m[2m(client)[22m[39m [32mhmr update [39m[2m/src/components/DashboardView.tsx, /src/index.css[22m
[2m13:18:56[22m [36m[1m[vite][22m[39m [90m[2m(client)[22m[39m [32mhmr update [39m[2m/src/components/DashboardView.tsx, /src/index.css[22m
[2m13:31:09[22m [36m[1m[vite][22m[39m [90m[2m(client)[22m[39m [32mhmr update [39m[2m/src/components/DashboardView.tsx, /src/index.css[22m
[2m14:04:48[22m [36m[1m[vite][22m[39m [90m[2m(client)[22m[39m [32mhmr update [39m[2m/src/App.tsx, /src/index.css[22m
[2m14:05:32[22m [36m[1m[vite][22m[39m [90m[2m(client)[22m[39m [32mhmr update [39m[2m/src/index.css[22m
[2m14:05:33[22m [36m[1m[vite][22m[39m [90m[2m(client)[22m[39m [32mhmr update [39m[2m/src/index.css, /src/components/PlayerModal.tsx[22m
[2m14:05:45[22m [36m[1m[vite][22m[39m [90m[2m(client)[22m[39m [32mhmr update [39m[2m/src/components/DashboardView.tsx, /src/index.css[22m
[2m14:06:08[22m [36m[1m[vite][22m[39m [90m[2m(client)[22m[39m [32mhmr update [39m[2m/src/components/PlayersView.tsx, /src/index.css[22m
[2m14:07:01[22m [36m[1m[vite][22m[39m [90m[2m(client)[22m[39m [32mhmr update [39m[2m/src/components/ClubsView.tsx, /src/index.css[22m
[2m14:07:17[22m [36m[1m[vite][22m[39m [90m[2m(client)[22m[39m [32mhmr update [39m[2m/src/components/MatchesView.tsx, /src/index.css[22m
[2m14:07:33[22m [36m[1m[vite][22m[39m [90m[2m(client)[22m[39m [32mhmr update [39m[2m/src/App.tsx, /src/index.css[22m
[2m14:30:35[22m [36m[1m[vite][22m[39m [90m[2m(client)[22m[39m [32mhmr update [39m[2m/src/App.tsx, /src/index.css[22m
[2m14:30:37[22m [36m[1m[vite][22m[39m [90m[2m(client)[22m[39m [32mhmr update [39m[2m/src/components/PlayersView.tsx, /src/index.css[22m
[2m14:30:37[22m [36m[1m[vite][22m[39m [90m[2m(client)[22m[39m [32mhmr update [39m[2m/src/components/PlayersView.tsx, /src/index.css[22m
[2m14:30:37[22m [36m[1m[vite][22m[39m [32mvite.config.ts changed, restarting server...[39m
[2m14:30:37[22m [36m[1m[vite][22m[39m [32mvite.config.ts changed, restarting server...[39m
[2m14:30:37[22m [36m[1m[vite][22m[39m [32mvite.config.ts changed, restarting server...[39m
[2m14:30:37[22m [36m[1m[vite][22m[39m [32mvite.config.ts changed, restarting server...[39m
[2m14:30:39[22m [36m[1m[vite][22m[39m [90m[2m(client)[22m[39m Re-optimizing dependencies because vite config has changed
[2m14:30:39[22m [36m[1m[vite][22m[39m server restarted.
[2m14:33:27[22m [36m[1m[vite][22m[39m [90m[2m(client)[22m[39m [32mhmr update [39m[2m/src/components/DashboardView.tsx, /src/index.css[22m
[2m14:34:41[22m [36m[1m[vite][22m[39m [90m[2m(client)[22m[39m [32mhmr update [39m[2m/src/components/DashboardView.tsx, /src/index.css[22m
[2m14:34:42[22m [36m[1m[vite][22m[39m [90m[2m(client)[22m[39m [32mhmr update [39m[2m/src/index.css, /src/components/ClubsView.tsx, /src/components/MatchesView.tsx, /src/components/DashboardView.tsx[22m
[2m14:38:25[22m [36m[1m[vite][22m[39m [90m[2m(client)[22m[39m [32mhmr update [39m[2m/src/index.css, /src/components/PlayersView.tsx[22m
[2m14:53:33[22m [36m[1m[vite][22m[39m [90m[2m(client)[22m[39m [32mhmr update [39m[2m/src/index.css, /src/App.tsx, /src/components/DashboardView.tsx, /src/components/PlayerModal.tsx, /src/components/ClubsView.tsx, /src/components/PlayersView.tsx, /src/components/MatchesView.tsx[22m
[2m14:53:34[22m [36m[1m[vite][22m[39m [90m[2m(client)[22m[39m [32mhmr update [39m[2m/src/components/DashboardView.tsx, /src/index.css[22m
[2m14:53:34[22m [36m[1m[vite][22m[39m [90m[2m(client)[22m[39m [32mhmr update [39m[2m/src/components/DashboardView.tsx, /src/index.css[22m
